<?xml version="1.0" encoding="UTF-8"?>
<testsuite name="VMTest" tests="1" skipped="0" failures="0" errors="0" timestamp="2021-05-15T11:08:54" hostname="DESKTOP-GOOJH86" time="0.453">
  <properties/>
  <testcase name="findTest()" classname="VMTest" time="0.453"/>
  <system-out><![CDATA[]]></system-out>
  <system-err><![CDATA[]]></system-err>
</testsuite>
