<?xml version="1.0" encoding="UTF-8"?>
<testsuite name="AdminTest" tests="1" skipped="0" failures="0" errors="0" timestamp="2021-05-28T01:53:54" hostname="Sunghjops-Mac-mini.local" time="0.032">
  <properties/>
  <testcase name="editContactTest()" classname="AdminTest" time="0.032"/>
  <system-out><![CDATA[]]></system-out>
  <system-err><![CDATA[]]></system-err>
</testsuite>
