<?xml version="1.0" encoding="UTF-8"?>
<testsuite name="DrinkTest" tests="1" skipped="0" failures="0" errors="0" timestamp="2021-05-15T07:47:01" hostname="DESKTOP-GOOJH86" time="0.034">
  <properties/>
  <testcase name="editgetTest()" classname="DrinkTest" time="0.034"/>
  <system-out><![CDATA[]]></system-out>
  <system-err><![CDATA[]]></system-err>
</testsuite>
